# JRE version: OpenJDK Runtime Environment (17.0.10) (build 17.0.10+0-17.0.10b1087.21-11572160)
# Java VM: OpenJDK 64-Bit Server VM (17.0.10+0-17.0.10b1087.21-11572160, mixed mode, tiered, compressed oops, compressed class ptrs, g1 gc, bsd-aarch64)
GC Precious Log:
 CPUs: 8 total, 8 available
 Memory: 16384M
 Large Page Support: Disabled
 NUMA Support: Disabled
 Compressed Oops: Enabled (Zero based)
 Heap Region Size: 2M
 Heap Min Capacity: 8M
 Heap Initial Capacity: 256M
 Heap Max Capacity: 4G
 Pre-touch: Disabled
 Parallel Workers: 8
 Concurrent Workers: 2
 Concurrent Refinement Workers: 8
 Periodic GC: Disabled
Heap:
 garbage-first heap   total 55296K, used 15827K [0x0000000700000000, 0x0000000800000000)
  region size 2048K, 5 young (10240K), 2 survivors (4096K)
 Metaspace       used 37222K, committed 37568K, reserved 1114112K
  class space    used 4520K, committed 4672K, reserved 1048576K
GC Heap History (12 events):
Event: 0.299 GC heap before
{Heap before GC invocations=0 (full 0):
 garbage-first heap   total 262144K, used 22528K [0x0000000700000000, 0x0000000800000000)
  region size 2048K, 11 young (22528K), 0 survivors (0K)
 Metaspace       used 12132K, committed 12288K, reserved 1114112K
  class space    used 1245K, committed 1344K, reserved 1048576K
}
Event: 0.303 GC heap after
{Heap after GC invocations=1 (full 0):
 garbage-first heap   total 262144K, used 7240K [0x0000000700000000, 0x0000000800000000)
  region size 2048K, 2 young (4096K), 2 survivors (4096K)
 Metaspace       used 12132K, committed 12288K, reserved 1114112K
  class space    used 1245K, committed 1344K, reserved 1048576K
}
Event: 0.627 GC heap before
{Heap before GC invocations=1 (full 0):
 garbage-first heap   total 262144K, used 35912K [0x0000000700000000, 0x0000000800000000)
  region size 2048K, 16 young (32768K), 2 survivors (4096K)
 Metaspace       used 18288K, committed 18496K, reserved 1114112K
  class space    used 2103K, committed 2176K, reserved 1048576K
}
Event: 0.632 GC heap after
{Heap after GC invocations=2 (full 0):
 garbage-first heap   total 262144K, used 9305K [0x0000000700000000, 0x0000000800000000)
  region size 2048K, 2 young (4096K), 2 survivors (4096K)
 Metaspace       used 18288K, committed 18496K, reserved 1114112K
  class space    used 2103K, committed 2176K, reserved 1048576K
}
Event: 1.019 GC heap before
{Heap before GC invocations=2 (full 0):
 garbage-first heap   total 262144K, used 19545K [0x0000000700000000, 0x0000000800000000)
  region size 2048K, 8 young (16384K), 2 survivors (4096K)
 Metaspace       used 21338K, committed 21504K, reserved 1114112K
  class space    used 2490K, committed 2560K, reserved 1048576K
}
Event: 1.021 GC heap after
{Heap after GC invocations=3 (full 0):
 garbage-first heap   total 262144K, used 9891K [0x0000000700000000, 0x0000000800000000)
  region size 2048K, 2 young (4096K), 2 survivors (4096K)
 Metaspace       used 21338K, committed 21504K, reserved 1114112K
  class space    used 2490K, committed 2560K, reserved 1048576K
}
Event: 1.206 GC heap before
{Heap before GC invocations=4 (full 0):
 garbage-first heap   total 49152K, used 36515K [0x0000000700000000, 0x0000000800000000)
  region size 2048K, 13 young (26624K), 2 survivors (4096K)
 Metaspace       used 27467K, committed 27648K, reserved 1114112K
  class space    used 3313K, committed 3392K, reserved 1048576K
}
Event: 1.208 GC heap after
{Heap after GC invocations=5 (full 0):
 garbage-first heap   total 49152K, used 16840K [0x0000000700000000, 0x0000000800000000)
  region size 2048K, 2 young (4096K), 2 survivors (4096K)
 Metaspace       used 27467K, committed 27648K, reserved 1114112K
  class space    used 3313K, committed 3392K, reserved 1048576K
}
Event: 1.237 GC heap before
{Heap before GC invocations=5 (full 0):
 garbage-first heap   total 49152K, used 35272K [0x0000000700000000, 0x0000000800000000)
  region size 2048K, 3 young (6144K), 2 survivors (4096K)
 Metaspace       used 28198K, committed 28416K, reserved 1114112K
  class space    used 3403K, committed 3520K, reserved 1048576K
}
Event: 1.241 GC heap after
{Heap after GC invocations=6 (full 0):
 garbage-first heap   total 155648K, used 35430K [0x0000000700000000, 0x0000000800000000)
  region size 2048K, 1 young (2048K), 1 survivors (2048K)
 Metaspace       used 28198K, committed 28416K, reserved 1114112K
  class space    used 3403K, committed 3520K, reserved 1048576K
}
Event: 1.587 GC heap before
{Heap before GC invocations=6 (full 0):
 garbage-first heap   total 155648K, used 64102K [0x0000000700000000, 0x0000000800000000)
  region size 2048K, 16 young (32768K), 1 survivors (2048K)
 Metaspace       used 35996K, committed 36288K, reserved 1114112K
  class space    used 4380K, committed 4480K, reserved 1048576K
}
Event: 1.589 GC heap after
{Heap after GC invocations=7 (full 0):
 garbage-first heap   total 155648K, used 11731K [0x0000000700000000, 0x0000000800000000)
  region size 2048K, 2 young (4096K), 2 survivors (4096K)
 Metaspace       used 35996K, committed 36288K, reserved 1114112K
  class space    used 4380K, committed 4480K, reserved 1048576K
}

