# JRE version: OpenJDK Runtime Environment (17.0.10) (build 17.0.10+0-17.0.10b1087.21-11572160)
# Java VM: OpenJDK 64-Bit Server VM (17.0.10+0-17.0.10b1087.21-11572160, mixed mode, tiered, compressed oops, compressed class ptrs, g1 gc, bsd-aarch64)
GC Precious Log:
 CPUs: 8 total, 8 available
 Memory: 16384M
 Large Page Support: Disabled
 NUMA Support: Disabled
 Compressed Oops: Enabled (Zero based)
 Heap Region Size: 2M
 Heap Min Capacity: 8M
 Heap Initial Capacity: 256M
 Heap Max Capacity: 4G
 Pre-touch: Disabled
 Parallel Workers: 8
 Concurrent Workers: 2
 Concurrent Refinement Workers: 8
 Periodic GC: Disabled
Heap:
 garbage-first heap   total 49152K, used 20235K [0x0000000700000000, 0x0000000800000000)
  region size 2048K, 6 young (12288K), 1 survivors (2048K)
 Metaspace       used 37287K, committed 37632K, reserved 1114112K
  class space    used 4519K, committed 4672K, reserved 1048576K
GC Heap History (14 events):
Event: 0.348 GC heap before
{Heap before GC invocations=0 (full 0):
 garbage-first heap   total 262144K, used 22528K [0x0000000700000000, 0x0000000800000000)
  region size 2048K, 11 young (22528K), 0 survivors (0K)
 Metaspace       used 12123K, committed 12352K, reserved 1114112K
  class space    used 1245K, committed 1344K, reserved 1048576K
}
Event: 0.351 GC heap after
{Heap after GC invocations=1 (full 0):
 garbage-first heap   total 262144K, used 7323K [0x0000000700000000, 0x0000000800000000)
  region size 2048K, 2 young (4096K), 2 survivors (4096K)
 Metaspace       used 12123K, committed 12352K, reserved 1114112K
  class space    used 1245K, committed 1344K, reserved 1048576K
}
Event: 0.705 GC heap before
{Heap before GC invocations=1 (full 0):
 garbage-first heap   total 262144K, used 38043K [0x0000000700000000, 0x0000000800000000)
  region size 2048K, 17 young (34816K), 2 survivors (4096K)
 Metaspace       used 18817K, committed 19008K, reserved 1114112K
  class space    used 2179K, committed 2240K, reserved 1048576K
}
Event: 0.707 GC heap after
{Heap after GC invocations=2 (full 0):
 garbage-first heap   total 262144K, used 9747K [0x0000000700000000, 0x0000000800000000)
  region size 2048K, 2 young (4096K), 2 survivors (4096K)
 Metaspace       used 18817K, committed 19008K, reserved 1114112K
  class space    used 2179K, committed 2240K, reserved 1048576K
}
Event: 0.984 GC heap before
{Heap before GC invocations=2 (full 0):
 garbage-first heap   total 262144K, used 15891K [0x0000000700000000, 0x0000000800000000)
  region size 2048K, 6 young (12288K), 2 survivors (4096K)
 Metaspace       used 21324K, committed 21504K, reserved 1114112K
  class space    used 2485K, committed 2560K, reserved 1048576K
}
Event: 0.986 GC heap after
{Heap after GC invocations=3 (full 0):
 garbage-first heap   total 262144K, used 10176K [0x0000000700000000, 0x0000000800000000)
  region size 2048K, 2 young (4096K), 2 survivors (4096K)
 Metaspace       used 21324K, committed 21504K, reserved 1114112K
  class space    used 2485K, committed 2560K, reserved 1048576K
}
Event: 1.166 GC heap before
{Heap before GC invocations=4 (full 0):
 garbage-first heap   total 49152K, used 36800K [0x0000000700000000, 0x0000000800000000)
  region size 2048K, 13 young (26624K), 2 survivors (4096K)
 Metaspace       used 27470K, committed 27712K, reserved 1114112K
  class space    used 3312K, committed 3392K, reserved 1048576K
}
Event: 1.170 GC heap after
{Heap after GC invocations=5 (full 0):
 garbage-first heap   total 49152K, used 17180K [0x0000000700000000, 0x0000000800000000)
  region size 2048K, 2 young (4096K), 2 survivors (4096K)
 Metaspace       used 27470K, committed 27712K, reserved 1114112K
  class space    used 3312K, committed 3392K, reserved 1048576K
}
Event: 1.209 GC heap before
{Heap before GC invocations=5 (full 0):
 garbage-first heap   total 49152K, used 35612K [0x0000000700000000, 0x0000000800000000)
  region size 2048K, 3 young (6144K), 2 survivors (4096K)
 Metaspace       used 27988K, committed 28224K, reserved 1114112K
  class space    used 3389K, committed 3520K, reserved 1048576K
}
Event: 1.213 GC heap after
{Heap after GC invocations=6 (full 0):
 garbage-first heap   total 49152K, used 35767K [0x0000000700000000, 0x0000000800000000)
  region size 2048K, 1 young (2048K), 1 survivors (2048K)
 Metaspace       used 27988K, committed 28224K, reserved 1114112K
  class space    used 3389K, committed 3520K, reserved 1048576K
}
Event: 1.240 GC heap before
{Heap before GC invocations=6 (full 0):
 garbage-first heap   total 49152K, used 39863K [0x0000000700000000, 0x0000000800000000)
  region size 2048K, 3 young (6144K), 1 survivors (2048K)
 Metaspace       used 29122K, committed 29376K, reserved 1114112K
  class space    used 3505K, committed 3648K, reserved 1048576K
}
Event: 1.241 GC heap after
{Heap after GC invocations=7 (full 0):
 garbage-first heap   total 49152K, used 11357K [0x0000000700000000, 0x0000000800000000)
  region size 2048K, 1 young (2048K), 1 survivors (2048K)
 Metaspace       used 29122K, committed 29376K, reserved 1114112K
  class space    used 3505K, committed 3648K, reserved 1048576K
}
Event: 1.434 GC heap before
{Heap before GC invocations=8 (full 0):
 garbage-first heap   total 49152K, used 29789K [0x0000000700000000, 0x0000000800000000)
  region size 2048K, 11 young (22528K), 1 survivors (2048K)
 Metaspace       used 34915K, committed 35200K, reserved 1114112K
  class space    used 4239K, committed 4352K, reserved 1048576K
}
Event: 1.437 GC heap after
{Heap after GC invocations=9 (full 0):
 garbage-first heap   total 49152K, used 12043K [0x0000000700000000, 0x0000000800000000)
  region size 2048K, 1 young (2048K), 1 survivors (2048K)
 Metaspace       used 34915K, committed 35200K, reserved 1114112K
  class space    used 4239K, committed 4352K, reserved 1048576K
}

