# JRE version: Java(TM) SE Runtime Environment (8.0_161-b12) (build 1.8.0_161-b12)
# Java VM: Java HotSpot(TM) 64-Bit Server VM (25.161-b12 mixed mode linux-amd64 compressed oops)
Heap:
 PSYoungGen      total 232960K, used 0K [0x00000000eab00000, 0x0000000100000000, 0x0000000100000000)
  eden space 116736K, 0% used [0x00000000eab00000,0x00000000eab00000,0x00000000f1d00000)
  from space 116224K, 0% used [0x00000000f1d00000,0x00000000f1d00000,0x00000000f8e80000)
  to   space 116224K, 0% used [0x00000000f8e80000,0x00000000f8e80000,0x0000000100000000)
 ParOldGen       total 345088K, used 290612K [0x00000000c0000000, 0x00000000d5100000, 0x00000000eab00000)
  object space 345088K, 84% used [0x00000000c0000000,0x00000000d1bcd170,0x00000000d5100000)
 Metaspace       used 6100K, capacity 6964K, committed 7040K, reserved 1056768K
  class space    used 601K, capacity 620K, committed 640K, reserved 1048576K
GC Heap History (10 events):
Event: 8,026 GC heap after
Heap after GC invocations=17 (full 3):
 PSYoungGen      total 232960K, used 89237K [0x00000000eab00000, 0x0000000100000000, 0x0000000100000000)
  eden space 116736K, 0% used [0x00000000eab00000,0x00000000eab00000,0x00000000f1d00000)
  from space 116224K, 76% used [0x00000000f8e80000,0x00000000fe5a5498,0x0000000100000000)
  to   space 116224K, 0% used [0x00000000f1d00000,0x00000000f1d00000,0x00000000f8e80000)
 ParOldGen       total 415232K, used 328679K [0x00000000c0000000, 0x00000000d9580000, 0x00000000eab00000)
  object space 415232K, 79% used [0x00000000c0000000,0x00000000d40f9e00,0x00000000d9580000)
 Metaspace       used 6090K, capacity 6964K, committed 7040K, reserved 1056768K
  class space    used 601K, capacity 620K, committed 640K, reserved 1048576K
}
Event: 8,026 GC heap before
{Heap before GC invocations=18 (full 4):
 PSYoungGen      total 232960K, used 89237K [0x00000000eab00000, 0x0000000100000000, 0x0000000100000000)
  eden space 116736K, 0% used [0x00000000eab00000,0x00000000eab00000,0x00000000f1d00000)
  from space 116224K, 76% used [0x00000000f8e80000,0x00000000fe5a5498,0x0000000100000000)
  to   space 116224K, 0% used [0x00000000f1d00000,0x00000000f1d00000,0x00000000f8e80000)
 ParOldGen       total 415232K, used 328679K [0x00000000c0000000, 0x00000000d9580000, 0x00000000eab00000)
  object space 415232K, 79% used [0x00000000c0000000,0x00000000d40f9e00,0x00000000d9580000)
 Metaspace       used 6090K, capacity 6964K, committed 7040K, reserved 1056768K
  class space    used 601K, capacity 620K, committed 640K, reserved 1048576K
Event: 8,488 GC heap after
Heap after GC invocations=18 (full 4):
 PSYoungGen      total 232960K, used 0K [0x00000000eab00000, 0x0000000100000000, 0x0000000100000000)
  eden space 116736K, 0% used [0x00000000eab00000,0x00000000eab00000,0x00000000f1d00000)
  from space 116224K, 0% used [0x00000000f8e80000,0x00000000f8e80000,0x0000000100000000)
  to   space 116224K, 0% used [0x00000000f1d00000,0x00000000f1d00000,0x00000000f8e80000)
 ParOldGen       total 345088K, used 146441K [0x00000000c0000000, 0x00000000d5100000, 0x00000000eab00000)
  object space 345088K, 42% used [0x00000000c0000000,0x00000000c8f02570,0x00000000d5100000)
 Metaspace       used 6090K, capacity 6964K, committed 7040K, reserved 1056768K
  class space    used 601K, capacity 620K, committed 640K, reserved 1048576K
}
Event: 9,179 GC heap before
{Heap before GC invocations=19 (full 4):
 PSYoungGen      total 232960K, used 116736K [0x00000000eab00000, 0x0000000100000000, 0x0000000100000000)
  eden space 116736K, 100% used [0x00000000eab00000,0x00000000f1d00000,0x00000000f1d00000)
  from space 116224K, 0% used [0x00000000f8e80000,0x00000000f8e80000,0x0000000100000000)
  to   space 116224K, 0% used [0x00000000f1d00000,0x00000000f1d00000,0x00000000f8e80000)
 ParOldGen       total 345088K, used 146441K [0x00000000c0000000, 0x00000000d5100000, 0x00000000eab00000)
  object space 345088K, 42% used [0x00000000c0000000,0x00000000c8f02570,0x00000000d5100000)
 Metaspace       used 6100K, capacity 6964K, committed 7040K, reserved 1056768K
  class space    used 601K, capacity 620K, committed 640K, reserved 1048576K
Event: 9,214 GC heap after
Heap after GC invocations=19 (full 4):
 PSYoungGen      total 232960K, used 29236K [0x00000000eab00000, 0x0000000100000000, 0x0000000100000000)
  eden space 116736K, 0% used [0x00000000eab00000,0x00000000eab00000,0x00000000f1d00000)
  from space 116224K, 25% used [0x00000000f1d00000,0x00000000f398d1a0,0x00000000f8e80000)
  to   space 116224K, 0% used [0x00000000f8e80000,0x00000000f8e80000,0x0000000100000000)
 ParOldGen       total 345088K, used 146449K [0x00000000c0000000, 0x00000000d5100000, 0x00000000eab00000)
  object space 345088K, 42% used [0x00000000c0000000,0x00000000c8f04570,0x00000000d5100000)
 Metaspace       used 6100K, capacity 6964K, committed 7040K, reserved 1056768K
  class space    used 601K, capacity 620K, committed 640K, reserved 1048576K
}
Event: 10,733 GC heap before
{Heap before GC invocations=20 (full 4):
 PSYoungGen      total 232960K, used 145972K [0x00000000eab00000, 0x0000000100000000, 0x0000000100000000)
  eden space 116736K, 100% used [0x00000000eab00000,0x00000000f1d00000,0x00000000f1d00000)
  from space 116224K, 25% used [0x00000000f1d00000,0x00000000f398d1a0,0x00000000f8e80000)
  to   space 116224K, 0% used [0x00000000f8e80000,0x00000000f8e80000,0x0000000100000000)
 ParOldGen       total 345088K, used 146449K [0x00000000c0000000, 0x00000000d5100000, 0x00000000eab00000)
  object space 345088K, 42% used [0x00000000c0000000,0x00000000c8f04570,0x00000000d5100000)
 Metaspace       used 6100K, capacity 6964K, committed 7040K, reserved 1056768K
  class space    used 601K, capacity 620K, committed 640K, reserved 1048576K
Event: 10,785 GC heap after
Heap after GC invocations=20 (full 4):
 PSYoungGen      total 232960K, used 86695K [0x00000000eab00000, 0x0000000100000000, 0x0000000100000000)
  eden space 116736K, 0% used [0x00000000eab00000,0x00000000eab00000,0x00000000f1d00000)
  from space 116224K, 74% used [0x00000000f8e80000,0x00000000fe329e90,0x0000000100000000)
  to   space 116224K, 0% used [0x00000000f1d00000,0x00000000f1d00000,0x00000000f8e80000)
 ParOldGen       total 345088K, used 178348K [0x00000000c0000000, 0x00000000d5100000, 0x00000000eab00000)
  object space 345088K, 51% used [0x00000000c0000000,0x00000000cae2b108,0x00000000d5100000)
 Metaspace       used 6100K, capacity 6964K, committed 7040K, reserved 1056768K
  class space    used 601K, capacity 620K, committed 640K, reserved 1048576K
}
Event: 10,814 GC heap before
{Heap before GC invocations=21 (full 4):
 PSYoungGen      total 232960K, used 203431K [0x00000000eab00000, 0x0000000100000000, 0x0000000100000000)
  eden space 116736K, 100% used [0x00000000eab00000,0x00000000f1d00000,0x00000000f1d00000)
  from space 116224K, 74% used [0x00000000f8e80000,0x00000000fe329e90,0x0000000100000000)
  to   space 116224K, 0% used [0x00000000f1d00000,0x00000000f1d00000,0x00000000f8e80000)
 ParOldGen       total 345088K, used 178348K [0x00000000c0000000, 0x00000000d5100000, 0x00000000eab00000)
  object space 345088K, 51% used [0x00000000c0000000,0x00000000cae2b108,0x00000000d5100000)
 Metaspace       used 6100K, capacity 6964K, committed 7040K, reserved 1056768K
  class space    used 601K, capacity 620K, committed 640K, reserved 1048576K
Event: 10,884 GC heap after
Heap after GC invocations=21 (full 4):
 PSYoungGen      total 232960K, used 69120K [0x00000000eab00000, 0x0000000100000000, 0x0000000100000000)
  eden space 116736K, 0% used [0x00000000eab00000,0x00000000eab00000,0x00000000f1d00000)
  from space 116224K, 59% used [0x00000000f1d00000,0x00000000f6080010,0x00000000f8e80000)
  to   space 116224K, 0% used [0x00000000f8e80000,0x00000000f8e80000,0x0000000100000000)
 ParOldGen       total 345088K, used 285283K [0x00000000c0000000, 0x00000000d5100000, 0x00000000eab00000)
  object space 345088K, 82% used [0x00000000c0000000,0x00000000d1698f98,0x00000000d5100000)
 Metaspace       used 6100K, capacity 6964K, committed 7040K, reserved 1056768K
  class space    used 601K, capacity 620K, committed 640K, reserved 1048576K
}
Event: 10,884 GC heap before
{Heap before GC invocations=22 (full 5):
 PSYoungGen      total 232960K, used 69120K [0x00000000eab00000, 0x0000000100000000, 0x0000000100000000)
  eden space 116736K, 0% used [0x00000000eab00000,0x00000000eab00000,0x00000000f1d00000)
  from space 116224K, 59% used [0x00000000f1d00000,0x00000000f6080010,0x00000000f8e80000)
  to   space 116224K, 0% used [0x00000000f8e80000,0x00000000f8e80000,0x0000000100000000)
 ParOldGen       total 345088K, used 285283K [0x00000000c0000000, 0x00000000d5100000, 0x00000000eab00000)
  object space 345088K, 82% used [0x00000000c0000000,0x00000000d1698f98,0x00000000d5100000)
 Metaspace       used 6100K, capacity 6964K, committed 7040K, reserved 1056768K
  class space    used 601K, capacity 620K, committed 640K, reserved 1048576K

